# JRE version: OpenJDK Runtime Environment (7.0_65-b32) (build 1.7.0_65-b32)
# Java VM: OpenJDK 64-Bit Server VM (24.65-b04 mixed mode linux-amd64 compressed oops)
Heap
 PSYoungGen      total 317440K, used 43144K [0x00000000ebf00000, 0x00000000fff00000, 0x0000000100000000)
  eden space 307200K, 12% used [0x00000000ebf00000,0x00000000ee5c45d8,0x00000000feb00000)
  from space 10240K, 33% used [0x00000000feb00000,0x00000000fee5de08,0x00000000ff500000)
  to   space 9728K, 0% used [0x00000000ff580000,0x00000000ff580000,0x00000000fff00000)
 ParOldGen       total 54784K, used 33263K [0x00000000c3e00000, 0x00000000c7380000, 0x00000000ebf00000)
  object space 54784K, 60% used [0x00000000c3e00000,0x00000000c5e7be58,0x00000000c7380000)
 PSPermGen       total 60416K, used 36469K [0x00000000b9800000, 0x00000000bd300000, 0x00000000c3e00000)
  object space 60416K, 60% used [0x00000000b9800000,0x00000000bbb9d628,0x00000000bd300000)
GC Heap History (10 events):
Event: 65.064 GC heap before
{Heap before GC invocations=14 (full 0):
 PSYoungGen      total 316928K, used 307168K [0x00000000ebf00000, 0x0000000100000000, 0x0000000100000000)
  eden space 306176K, 100% used [0x00000000ebf00000,0x00000000fea00000,0x00000000fea00000)
  from space 10752K, 9% used [0x00000000fea00000,0x00000000feaf8000,0x00000000ff480000)
  to   space 11264K, 0% used [0x00000000ff500000,0x00000000ff500000,0x0000000100000000)
 ParOldGen       total 40960K, used 33163K [0x00000000c3e00000, 0x00000000c6600000, 0x00000000ebf00000)
  object space 40960K, 80% used [0x00000000c3e00000,0x00000000c5e62c48,0x00000000c6600000)
 PSPermGen       total 27648K, used 27458K [0x00000000b9800000, 0x00000000bb300000, 0x00000000c3e00000)
  object space 27648K, 99% used [0x00000000b9800000,0x00000000bb2d0a08,0x00000000bb300000)
Event: 65.071 GC heap after
Heap after GC invocations=14 (full 0):
 PSYoungGen      total 317440K, used 4416K [0x00000000ebf00000, 0x00000000fff80000, 0x0000000100000000)
  eden space 306688K, 0% used [0x00000000ebf00000,0x00000000ebf00000,0x00000000fea80000)
  from space 10752K, 41% used [0x00000000ff500000,0x00000000ff950000,0x00000000fff80000)
  to   space 10752K, 0% used [0x00000000fea80000,0x00000000fea80000,0x00000000ff500000)
 ParOldGen       total 40960K, used 34111K [0x00000000c3e00000, 0x00000000c6600000, 0x00000000ebf00000)
  object space 40960K, 83% used [0x00000000c3e00000,0x00000000c5f4ff48,0x00000000c6600000)
 PSPermGen       total 27648K, used 27458K [0x00000000b9800000, 0x00000000bb300000, 0x00000000c3e00000)
  object space 27648K, 99% used [0x00000000b9800000,0x00000000bb2d0a08,0x00000000bb300000)
}
Event: 66.048 GC heap before
{Heap before GC invocations=15 (full 0):
 PSYoungGen      total 317440K, used 311104K [0x00000000ebf00000, 0x00000000fff80000, 0x0000000100000000)
  eden space 306688K, 100% used [0x00000000ebf00000,0x00000000fea80000,0x00000000fea80000)
  from space 10752K, 41% used [0x00000000ff500000,0x00000000ff950000,0x00000000fff80000)
  to   space 10752K, 0% used [0x00000000fea80000,0x00000000fea80000,0x00000000ff500000)
 ParOldGen       total 40960K, used 34111K [0x00000000c3e00000, 0x00000000c6600000, 0x00000000ebf00000)
  object space 40960K, 83% used [0x00000000c3e00000,0x00000000c5f4ff48,0x00000000c6600000)
 PSPermGen       total 30208K, used 30011K [0x00000000b9800000, 0x00000000bb580000, 0x00000000c3e00000)
  object space 30208K, 99% used [0x00000000b9800000,0x00000000bb54ed40,0x00000000bb580000)
Event: 66.060 GC heap after
Heap after GC invocations=15 (full 0):
 PSYoungGen      total 317440K, used 3120K [0x00000000ebf00000, 0x00000000fff00000, 0x0000000100000000)
  eden space 306688K, 0% used [0x00000000ebf00000,0x00000000ebf00000,0x00000000fea80000)
  from space 10752K, 29% used [0x00000000fea80000,0x00000000fed8c010,0x00000000ff500000)
  to   space 10240K, 0% used [0x00000000ff500000,0x00000000ff500000,0x00000000fff00000)
 ParOldGen       total 40960K, used 38317K [0x00000000c3e00000, 0x00000000c6600000, 0x00000000ebf00000)
  object space 40960K, 93% used [0x00000000c3e00000,0x00000000c636b700,0x00000000c6600000)
 PSPermGen       total 30208K, used 30011K [0x00000000b9800000, 0x00000000bb580000, 0x00000000c3e00000)
  object space 30208K, 99% used [0x00000000b9800000,0x00000000bb54ed40,0x00000000bb580000)
}
Event: 66.060 GC heap before
{Heap before GC invocations=16 (full 1):
 PSYoungGen      total 317440K, used 3120K [0x00000000ebf00000, 0x00000000fff00000, 0x0000000100000000)
  eden space 306688K, 0% used [0x00000000ebf00000,0x00000000ebf00000,0x00000000fea80000)
  from space 10752K, 29% used [0x00000000fea80000,0x00000000fed8c010,0x00000000ff500000)
  to   space 10240K, 0% used [0x00000000ff500000,0x00000000ff500000,0x00000000fff00000)
 ParOldGen       total 40960K, used 38317K [0x00000000c3e00000, 0x00000000c6600000, 0x00000000ebf00000)
  object space 40960K, 93% used [0x00000000c3e00000,0x00000000c636b700,0x00000000c6600000)
 PSPermGen       total 30208K, used 30011K [0x00000000b9800000, 0x00000000bb580000, 0x00000000c3e00000)
  object space 30208K, 99% used [0x00000000b9800000,0x00000000bb54ed40,0x00000000bb580000)
Event: 66.312 GC heap after
Heap after GC invocations=16 (full 1):
 PSYoungGen      total 317440K, used 0K [0x00000000ebf00000, 0x00000000fff00000, 0x0000000100000000)
  eden space 306688K, 0% used [0x00000000ebf00000,0x00000000ebf00000,0x00000000fea80000)
  from space 10752K, 0% used [0x00000000fea80000,0x00000000fea80000,0x00000000ff500000)
  to   space 10240K, 0% used [0x00000000ff500000,0x00000000ff500000,0x00000000fff00000)
 ParOldGen       total 54784K, used 30217K [0x00000000c3e00000, 0x00000000c7380000, 0x00000000ebf00000)
  object space 54784K, 55% used [0x00000000c3e00000,0x00000000c5b82630,0x00000000c7380000)
 PSPermGen       total 60416K, used 29991K [0x00000000b9800000, 0x00000000bd300000, 0x00000000c3e00000)
  object space 60416K, 49% used [0x00000000b9800000,0x00000000bb549ea0,0x00000000bd300000)
}
Event: 67.035 GC heap before
{Heap before GC invocations=17 (full 1):
 PSYoungGen      total 317440K, used 306688K [0x00000000ebf00000, 0x00000000fff00000, 0x0000000100000000)
  eden space 306688K, 100% used [0x00000000ebf00000,0x00000000fea80000,0x00000000fea80000)
  from space 10752K, 0% used [0x00000000fea80000,0x00000000fea80000,0x00000000ff500000)
  to   space 10240K, 0% used [0x00000000ff500000,0x00000000ff500000,0x00000000fff00000)
 ParOldGen       total 54784K, used 30217K [0x00000000c3e00000, 0x00000000c7380000, 0x00000000ebf00000)
  object space 54784K, 55% used [0x00000000c3e00000,0x00000000c5b82630,0x00000000c7380000)
 PSPermGen       total 60416K, used 31856K [0x00000000b9800000, 0x00000000bd300000, 0x00000000c3e00000)
  object space 60416K, 52% used [0x00000000b9800000,0x00000000bb71c108,0x00000000bd300000)
Event: 67.042 GC heap after
Heap after GC invocations=17 (full 1):
 PSYoungGen      total 317440K, used 3280K [0x00000000ebf00000, 0x00000000fff80000, 0x0000000100000000)
  eden space 307200K, 0% used [0x00000000ebf00000,0x00000000ebf00000,0x00000000feb00000)
  from space 10240K, 32% used [0x00000000ff500000,0x00000000ff834010,0x00000000fff00000)
  to   space 10240K, 0% used [0x00000000feb00000,0x00000000feb00000,0x00000000ff500000)
 ParOldGen       total 54784K, used 30217K [0x00000000c3e00000, 0x00000000c7380000, 0x00000000ebf00000)
  object space 54784K, 55% used [0x00000000c3e00000,0x00000000c5b82630,0x00000000c7380000)
 PSPermGen       total 60416K, used 31856K [0x00000000b9800000, 0x00000000bd300000, 0x00000000c3e00000)
  object space 60416K, 52% used [0x00000000b9800000,0x00000000bb71c108,0x00000000bd300000)
}
Event: 68.456 GC heap before
{Heap before GC invocations=18 (full 1):
 PSYoungGen      total 317440K, used 310480K [0x00000000ebf00000, 0x00000000fff80000, 0x0000000100000000)
  eden space 307200K, 100% used [0x00000000ebf00000,0x00000000feb00000,0x00000000feb00000)
  from space 10240K, 32% used [0x00000000ff500000,0x00000000ff834010,0x00000000fff00000)
  to   space 10240K, 0% used [0x00000000feb00000,0x00000000feb00000,0x00000000ff500000)
 ParOldGen       total 54784K, used 30217K [0x00000000c3e00000, 0x00000000c7380000, 0x00000000ebf00000)
  object space 54784K, 55% used [0x00000000c3e00000,0x00000000c5b82630,0x00000000c7380000)
 PSPermGen       total 60416K, used 36151K [0x00000000b9800000, 0x00000000bd300000, 0x00000000c3e00000)
  object space 60416K, 59% used [0x00000000b9800000,0x00000000bbb4ddb0,0x00000000bd300000)
Event: 68.465 GC heap after
Heap after GC invocations=18 (full 1):
 PSYoungGen      total 317440K, used 3447K [0x00000000ebf00000, 0x00000000fff00000, 0x0000000100000000)
  eden space 307200K, 0% used [0x00000000ebf00000,0x00000000ebf00000,0x00000000feb00000)
  from space 10240K, 33% used [0x00000000feb00000,0x00000000fee5de08,0x00000000ff500000)
  to   space 9728K, 0% used [0x00000000ff580000,0x00000000ff580000,0x00000000fff00000)
 ParOldGen       total 54784K, used 33263K [0x00000000c3e00000, 0x00000000c7380000, 0x00000000ebf00000)
  object space 54784K, 60% used [0x00000000c3e00000,0x00000000c5e7be58,0x00000000c7380000)
 PSPermGen       total 60416K, used 36151K [0x00000000b9800000, 0x00000000bd300000, 0x00000000c3e00000)
  object space 60416K, 59% used [0x00000000b9800000,0x00000000bbb4ddb0,0x00000000bd300000)
}

